<?xml version="1.0" encoding="UTF-8"?>
<testsuite xmlns:xsi="http://www.w3.org/2001/XMLSchema-instance" xsi:noNamespaceSchemaLocation="https://maven.apache.org/surefire/maven-surefire-plugin/xsd/surefire-test-report-3.0.xsd" version="3.0" name="TestSuite" time="239.117" tests="9" errors="0" skipped="0" failures="0">
  <properties>
[...]
</properties>
  <testcase name="runScenario[&quot;Login with user testuser&quot;, &quot;DemoQA Login&quot;](1)" classname="runners.TestRunner" time="22.264">
    <system-out><![CDATA[Feature file generated successfully!

Scenario: Login with user testuser                                  &amp#27;[90m# src/test/resources/features/generatedLogin.feature:3&amp#27;[0m
  &amp#27;[32mGiven &amp#27;[0m&amp#27;[32muser is on login page&amp#27;[0m                                       &amp#27;[90m# stepdefinitions.ExcelWithAllTestCases.user_is_on_login_page()&amp#27;[0m
  &amp#27;[32mWhen &amp#27;[0m&amp#27;[32muser enters username &amp#27;[0m&amp#27;[32m&amp#27;[1m"testuser"&amp#27;[0m&amp#27;[32m and password &amp#27;[0m&amp#27;[32m&amp#27;[1m"Password@1234"&amp#27;[0m &amp#27;[90m# stepdefinitions.ExcelWithAllTestCases.enter_credentials(java.lang.String,java.lang.String)&amp#27;[0m
  &amp#27;[32mAnd &amp#27;[0m&amp#27;[32mclicks on login button&amp#27;[0m                                        &amp#27;[90m# stepdefinitions.ExcelWithAllTestCases.clicks_on_login_button()&amp#27;[0m
  &amp#27;[32mThen &amp#27;[0m&amp#27;[32mlogin result should be &amp#27;[0m&amp#27;[32m&amp#27;[1m"success"&amp#27;[0m                             &amp#27;[90m# stepdefinitions.ExcelWithAllTestCases.login_result_should_be(java.lang.String)&amp#27;[0m
]]></system-out>
    <system-err><![CDATA[SLF4J: Failed to load class "org.slf4j.impl.StaticLoggerBinder".
SLF4J: Defaulting to no-operation (NOP) logger implementation
SLF4J: See http://www.slf4j.org/codes.html#StaticLoggerBinder for further details.
Apr 07, 2026 3:46:51 PM org.openqa.selenium.remote.tracing.opentelemetry.OpenTelemetryTracer createTracer
INFO: Using OpenTelemetry for tracing
]]></system-err>
  </testcase>
  <testcase name="runScenario[&quot;Login with user wronguser&quot;, &quot;DemoQA Login&quot;](2)" classname="runners.TestRunner" time="13.476">
    <system-out><![CDATA[
Scenario: Login with user wronguser                          &amp#27;[90m# src/test/resources/features/generatedLogin.feature:9&amp#27;[0m
  &amp#27;[32mGiven &amp#27;[0m&amp#27;[32muser is on login page&amp#27;[0m                                &amp#27;[90m# stepdefinitions.ExcelWithAllTestCases.user_is_on_login_page()&amp#27;[0m
  &amp#27;[32mWhen &amp#27;[0m&amp#27;[32muser enters username &amp#27;[0m&amp#27;[32m&amp#27;[1m"wronguser"&amp#27;[0m&amp#27;[32m and password &amp#27;[0m&amp#27;[32m&amp#27;[1m"wrong"&amp#27;[0m &amp#27;[90m# stepdefinitions.ExcelWithAllTestCases.enter_credentials(java.lang.String,java.lang.String)&amp#27;[0m
  &amp#27;[32mAnd &amp#27;[0m&amp#27;[32mclicks on login button&amp#27;[0m                                 &amp#27;[90m# stepdefinitions.ExcelWithAllTestCases.clicks_on_login_button()&amp#27;[0m
  &amp#27;[32mThen &amp#27;[0m&amp#27;[32mlogin result should be &amp#27;[0m&amp#27;[32m&amp#27;[1m"fail"&amp#27;[0m                         &amp#27;[90m# stepdefinitions.ExcelWithAllTestCases.login_result_should_be(java.lang.String)&amp#27;[0m
]]></system-out>
  </testcase>
  <testcase name="runScenario[&quot;Login with user vinod&quot;, &quot;DemoQA Login&quot;](3)" classname="runners.TestRunner" time="11.881">
    <system-out><![CDATA[
Scenario: Login with user vinod                           &amp#27;[90m# src/test/resources/features/generatedLogin.feature:15&amp#27;[0m
  &amp#27;[32mGiven &amp#27;[0m&amp#27;[32muser is on login page&amp#27;[0m                             &amp#27;[90m# stepdefinitions.ExcelWithAllTestCases.user_is_on_login_page()&amp#27;[0m
  &amp#27;[32mWhen &amp#27;[0m&amp#27;[32muser enters username &amp#27;[0m&amp#27;[32m&amp#27;[1m"vinod"&amp#27;[0m&amp#27;[32m and password &amp#27;[0m&amp#27;[32m&amp#27;[1m"nagpur"&amp#27;[0m &amp#27;[90m# stepdefinitions.ExcelWithAllTestCases.enter_credentials(java.lang.String,java.lang.String)&amp#27;[0m
  &amp#27;[32mAnd &amp#27;[0m&amp#27;[32mclicks on login button&amp#27;[0m                              &amp#27;[90m# stepdefinitions.ExcelWithAllTestCases.clicks_on_login_button()&amp#27;[0m
  &amp#27;[32mThen &amp#27;[0m&amp#27;[32mlogin result should be &amp#27;[0m&amp#27;[32m&amp#27;[1m"fail"&amp#27;[0m                      &amp#27;[90m# stepdefinitions.ExcelWithAllTestCases.login_result_should_be(java.lang.String)&amp#27;[0m
]]></system-out>
  </testcase>
  <testcase name="runScenario[&quot;Login with user pramit&quot;, &quot;DemoQA Login&quot;](4)" classname="runners.TestRunner" time="11.793">
    <system-out><![CDATA[
Scenario: Login with user pramit                           &amp#27;[90m# src/test/resources/features/generatedLogin.feature:21&amp#27;[0m
  &amp#27;[32mGiven &amp#27;[0m&amp#27;[32muser is on login page&amp#27;[0m                              &amp#27;[90m# stepdefinitions.ExcelWithAllTestCases.user_is_on_login_page()&amp#27;[0m
  &amp#27;[32mWhen &amp#27;[0m&amp#27;[32muser enters username &amp#27;[0m&amp#27;[32m&amp#27;[1m"pramit"&amp#27;[0m&amp#27;[32m and password &amp#27;[0m&amp#27;[32m&amp#27;[1m"pramit"&amp#27;[0m &amp#27;[90m# stepdefinitions.ExcelWithAllTestCases.enter_credentials(java.lang.String,java.lang.String)&amp#27;[0m
  &amp#27;[32mAnd &amp#27;[0m&amp#27;[32mclicks on login button&amp#27;[0m                               &amp#27;[90m# stepdefinitions.ExcelWithAllTestCases.clicks_on_login_button()&amp#27;[0m
  &amp#27;[32mThen &amp#27;[0m&amp#27;[32mlogin result should be &amp#27;[0m&amp#27;[32m&amp#27;[1m"fail"&amp#27;[0m                       &amp#27;[90m# stepdefinitions.ExcelWithAllTestCases.login_result_should_be(java.lang.String)&amp#27;[0m
]]></system-out>
  </testcase>
  <testcase name="runScenario[&quot;Login with user Bhushan&quot;, &quot;DemoQA Login&quot;](5)" classname="runners.TestRunner" time="23.592">
    <system-out><![CDATA[
Scenario: Login with user Bhushan                         &amp#27;[90m# src/test/resources/features/generatedLogin.feature:27&amp#27;[0m
  &amp#27;[32mGiven &amp#27;[0m&amp#27;[32muser is on login page&amp#27;[0m                             &amp#27;[90m# stepdefinitions.ExcelWithAllTestCases.user_is_on_login_page()&amp#27;[0m
  &amp#27;[32mWhen &amp#27;[0m&amp#27;[32muser enters username &amp#27;[0m&amp#27;[32m&amp#27;[1m"Bhushan"&amp#27;[0m&amp#27;[32m and password &amp#27;[0m&amp#27;[32m&amp#27;[1m"More"&amp#27;[0m &amp#27;[90m# stepdefinitions.ExcelWithAllTestCases.enter_credentials(java.lang.String,java.lang.String)&amp#27;[0m
  &amp#27;[32mAnd &amp#27;[0m&amp#27;[32mclicks on login button&amp#27;[0m                              &amp#27;[90m# stepdefinitions.ExcelWithAllTestCases.clicks_on_login_button()&amp#27;[0m
  &amp#27;[32mThen &amp#27;[0m&amp#27;[32mlogin result should be &amp#27;[0m&amp#27;[32m&amp#27;[1m"fail"&amp#27;[0m                      &amp#27;[90m# stepdefinitions.ExcelWithAllTestCases.login_result_should_be(java.lang.String)&amp#27;[0m
]]></system-out>
  </testcase>
  <testcase name="runScenario[&quot;Login with user Virat&quot;, &quot;DemoQA Login&quot;](6)" classname="runners.TestRunner" time="59.547">
    <system-out><![CDATA[
Scenario: Login with user Virat                          &amp#27;[90m# src/test/resources/features/generatedLogin.feature:33&amp#27;[0m
  &amp#27;[32mGiven &amp#27;[0m&amp#27;[32muser is on login page&amp#27;[0m                            &amp#27;[90m# stepdefinitions.ExcelWithAllTestCases.user_is_on_login_page()&amp#27;[0m
  &amp#27;[32mWhen &amp#27;[0m&amp#27;[32muser enters username &amp#27;[0m&amp#27;[32m&amp#27;[1m"Virat"&amp#27;[0m&amp#27;[32m and password &amp#27;[0m&amp#27;[32m&amp#27;[1m"Kohli"&amp#27;[0m &amp#27;[90m# stepdefinitions.ExcelWithAllTestCases.enter_credentials(java.lang.String,java.lang.String)&amp#27;[0m
  &amp#27;[32mAnd &amp#27;[0m&amp#27;[32mclicks on login button&amp#27;[0m                             &amp#27;[90m# stepdefinitions.ExcelWithAllTestCases.clicks_on_login_button()&amp#27;[0m
  &amp#27;[32mThen &amp#27;[0m&amp#27;[32mlogin result should be &amp#27;[0m&amp#27;[32m&amp#27;[1m"fail"&amp#27;[0m                     &amp#27;[90m# stepdefinitions.ExcelWithAllTestCases.login_result_should_be(java.lang.String)&amp#27;[0m
]]></system-out>
  </testcase>
  <testcase name="runScenario[&quot;Login with user Rohit&quot;, &quot;DemoQA Login&quot;](7)" classname="runners.TestRunner" time="12.5">
    <system-out><![CDATA[
Scenario: Login with user Rohit                           &amp#27;[90m# src/test/resources/features/generatedLogin.feature:39&amp#27;[0m
  &amp#27;[32mGiven &amp#27;[0m&amp#27;[32muser is on login page&amp#27;[0m                             &amp#27;[90m# stepdefinitions.ExcelWithAllTestCases.user_is_on_login_page()&amp#27;[0m
  &amp#27;[32mWhen &amp#27;[0m&amp#27;[32muser enters username &amp#27;[0m&amp#27;[32m&amp#27;[1m"Rohit"&amp#27;[0m&amp#27;[32m and password &amp#27;[0m&amp#27;[32m&amp#27;[1m"Sharma"&amp#27;[0m &amp#27;[90m# stepdefinitions.ExcelWithAllTestCases.enter_credentials(java.lang.String,java.lang.String)&amp#27;[0m
  &amp#27;[32mAnd &amp#27;[0m&amp#27;[32mclicks on login button&amp#27;[0m                              &amp#27;[90m# stepdefinitions.ExcelWithAllTestCases.clicks_on_login_button()&amp#27;[0m
  &amp#27;[32mThen &amp#27;[0m&amp#27;[32mlogin result should be &amp#27;[0m&amp#27;[32m&amp#27;[1m"fail"&amp#27;[0m                      &amp#27;[90m# stepdefinitions.ExcelWithAllTestCases.login_result_should_be(java.lang.String)&amp#27;[0m
]]></system-out>
  </testcase>
  <testcase name="runScenario[&quot;Login with user Jasprit&quot;, &quot;DemoQA Login&quot;](8)" classname="runners.TestRunner" time="25.382">
    <system-out><![CDATA[
Scenario: Login with user Jasprit                           &amp#27;[90m# src/test/resources/features/generatedLogin.feature:45&amp#27;[0m
  &amp#27;[32mGiven &amp#27;[0m&amp#27;[32muser is on login page&amp#27;[0m                               &amp#27;[90m# stepdefinitions.ExcelWithAllTestCases.user_is_on_login_page()&amp#27;[0m
  &amp#27;[32mWhen &amp#27;[0m&amp#27;[32muser enters username &amp#27;[0m&amp#27;[32m&amp#27;[1m"Jasprit"&amp#27;[0m&amp#27;[32m and password &amp#27;[0m&amp#27;[32m&amp#27;[1m"Bumrah"&amp#27;[0m &amp#27;[90m# stepdefinitions.ExcelWithAllTestCases.enter_credentials(java.lang.String,java.lang.String)&amp#27;[0m
  &amp#27;[32mAnd &amp#27;[0m&amp#27;[32mclicks on login button&amp#27;[0m                                &amp#27;[90m# stepdefinitions.ExcelWithAllTestCases.clicks_on_login_button()&amp#27;[0m
  &amp#27;[32mThen &amp#27;[0m&amp#27;[32mlogin result should be &amp#27;[0m&amp#27;[32m&amp#27;[1m"fail"&amp#27;[0m                        &amp#27;[90m# stepdefinitions.ExcelWithAllTestCases.login_result_should_be(java.lang.String)&amp#27;[0m
]]></system-out>
  </testcase>
  <testcase name="runScenario[&quot;Login with user Rohit&quot;, &quot;DemoQA Login&quot;](9)" classname="runners.TestRunner" time="53.902">
    <system-out><![CDATA[
Scenario: Login with user Rohit                              &amp#27;[90m# src/test/resources/features/generatedLogin.feature:51&amp#27;[0m
  &amp#27;[32mGiven &amp#27;[0m&amp#27;[32muser is on login page&amp#27;[0m                                &amp#27;[90m# stepdefinitions.ExcelWithAllTestCases.user_is_on_login_page()&amp#27;[0m
  &amp#27;[32mWhen &amp#27;[0m&amp#27;[32muser enters username &amp#27;[0m&amp#27;[32m&amp#27;[1m"Rohit"&amp#27;[0m&amp#27;[32m and password &amp#27;[0m&amp#27;[32m&amp#27;[1m"Sh@rma123"&amp#27;[0m &amp#27;[90m# stepdefinitions.ExcelWithAllTestCases.enter_credentials(java.lang.String,java.lang.String)&amp#27;[0m
  &amp#27;[32mAnd &amp#27;[0m&amp#27;[32mclicks on login button&amp#27;[0m                                 &amp#27;[90m# stepdefinitions.ExcelWithAllTestCases.clicks_on_login_button()&amp#27;[0m
  &amp#27;[32mThen &amp#27;[0m&amp#27;[32mlogin result should be &amp#27;[0m&amp#27;[32m&amp#27;[1m"success"&amp#27;[0m                      &amp#27;[90m# stepdefinitions.ExcelWithAllTestCases.login_result_should_be(java.lang.String)&amp#27;[0m
]]></system-out>
  </testcase>
</testsuite>