<?xml version="1.0" encoding="UTF-8"?>
<testng-results ignored="0" total="9" passed="9" failed="0" skipped="0">
  <reporter-output>
  </reporter-output>
  <suite started-at="2026-04-07T15:46:49 IST" name="Surefire suite" finished-at="2026-04-07T15:50:45 IST" duration-ms="235811">
    <groups>
      <group name="cucumber">
        <method signature="AbstractTestNGCucumberTests.runScenario(io.cucumber.testng.PickleWrapper,io.cucumber.testng.FeatureWrapper)[pri:0, instance:runners.TestRunner@45018215]" name="runScenario" class="io.cucumber.testng.AbstractTestNGCucumberTests"/>
      </group> <!-- cucumber -->
    </groups>
    <test started-at="2026-04-07T15:46:49 IST" name="Surefire test" finished-at="2026-04-07T15:50:45 IST" duration-ms="235811">
      <class name="runners.TestSetup">
        <test-method is-config="true" signature="generateFeature()[pri:0, instance:runners.TestSetup@7a4ccb53]" started-at="2026-04-07T15:46:47 IST" name="generateFeature" finished-at="2026-04-07T15:46:49 IST" duration-ms="2296" status="PASS">
          <reporter-output>
          </reporter-output>
        </test-method> <!-- generateFeature -->
      </class> <!-- runners.TestSetup -->
      <class name="runners.TestRunner">
        <test-method is-config="true" signature="setUpClass(org.testng.ITestContext)[pri:0, instance:runners.TestRunner@45018215]" started-at="2026-04-07T15:46:49 IST" name="setUpClass" finished-at="2026-04-07T15:46:50 IST" duration-ms="1266" status="PASS">
          <params>
            <param index="0">
              <value>
                <![CDATA[org.testng.TestRunner@323659f8]]>
              </value>
            </param>
          </params>
          <reporter-output>
          </reporter-output>
        </test-method> <!-- setUpClass -->
        <test-method signature="runScenario(io.cucumber.testng.PickleWrapper,io.cucumber.testng.FeatureWrapper)[pri:0, instance:runners.TestRunner@45018215]" started-at="2026-04-07T15:46:50 IST" name="runScenario" description="Runs Cucumber Scenarios" data-provider="scenarios" finished-at="2026-04-07T15:47:13 IST" duration-ms="22264" status="PASS">
          <params>
            <param index="0">
              <value>
                <![CDATA["Login with user testuser"]]>
              </value>
            </param>
            <param index="1">
              <value>
                <![CDATA["DemoQA Login"]]>
              </value>
            </param>
          </params>
          <reporter-output>
          </reporter-output>
        </test-method> <!-- runScenario -->
        <test-method signature="runScenario(io.cucumber.testng.PickleWrapper,io.cucumber.testng.FeatureWrapper)[pri:0, instance:runners.TestRunner@45018215]" started-at="2026-04-07T15:47:13 IST" name="runScenario" description="Runs Cucumber Scenarios" data-provider="scenarios" finished-at="2026-04-07T15:47:26 IST" duration-ms="13483" status="PASS">
          <params>
            <param index="0">
              <value>
                <![CDATA["Login with user wronguser"]]>
              </value>
            </param>
            <param index="1">
              <value>
                <![CDATA["DemoQA Login"]]>
              </value>
            </param>
          </params>
          <reporter-output>
          </reporter-output>
        </test-method> <!-- runScenario -->
        <test-method signature="runScenario(io.cucumber.testng.PickleWrapper,io.cucumber.testng.FeatureWrapper)[pri:0, instance:runners.TestRunner@45018215]" started-at="2026-04-07T15:47:26 IST" name="runScenario" description="Runs Cucumber Scenarios" data-provider="scenarios" finished-at="2026-04-07T15:47:38 IST" duration-ms="11881" status="PASS">
          <params>
            <param index="0">
              <value>
                <![CDATA["Login with user vinod"]]>
              </value>
            </param>
            <param index="1">
              <value>
                <![CDATA["DemoQA Login"]]>
              </value>
            </param>
          </params>
          <reporter-output>
          </reporter-output>
        </test-method> <!-- runScenario -->
        <test-method signature="runScenario(io.cucumber.testng.PickleWrapper,io.cucumber.testng.FeatureWrapper)[pri:0, instance:runners.TestRunner@45018215]" started-at="2026-04-07T15:47:38 IST" name="runScenario" description="Runs Cucumber Scenarios" data-provider="scenarios" finished-at="2026-04-07T15:47:50 IST" duration-ms="11792" status="PASS">
          <params>
            <param index="0">
              <value>
                <![CDATA["Login with user pramit"]]>
              </value>
            </param>
            <param index="1">
              <value>
                <![CDATA["DemoQA Login"]]>
              </value>
            </param>
          </params>
          <reporter-output>
          </reporter-output>
        </test-method> <!-- runScenario -->
        <test-method signature="runScenario(io.cucumber.testng.PickleWrapper,io.cucumber.testng.FeatureWrapper)[pri:0, instance:runners.TestRunner@45018215]" started-at="2026-04-07T15:47:50 IST" name="runScenario" description="Runs Cucumber Scenarios" data-provider="scenarios" finished-at="2026-04-07T15:48:13 IST" duration-ms="23592" status="PASS">
          <params>
            <param index="0">
              <value>
                <![CDATA["Login with user Bhushan"]]>
              </value>
            </param>
            <param index="1">
              <value>
                <![CDATA["DemoQA Login"]]>
              </value>
            </param>
          </params>
          <reporter-output>
          </reporter-output>
        </test-method> <!-- runScenario -->
        <test-method signature="runScenario(io.cucumber.testng.PickleWrapper,io.cucumber.testng.FeatureWrapper)[pri:0, instance:runners.TestRunner@45018215]" started-at="2026-04-07T15:48:14 IST" name="runScenario" description="Runs Cucumber Scenarios" data-provider="scenarios" finished-at="2026-04-07T15:49:13 IST" duration-ms="59544" status="PASS">
          <params>
            <param index="0">
              <value>
                <![CDATA["Login with user Virat"]]>
              </value>
            </param>
            <param index="1">
              <value>
                <![CDATA["DemoQA Login"]]>
              </value>
            </param>
          </params>
          <reporter-output>
          </reporter-output>
        </test-method> <!-- runScenario -->
        <test-method signature="runScenario(io.cucumber.testng.PickleWrapper,io.cucumber.testng.FeatureWrapper)[pri:0, instance:runners.TestRunner@45018215]" started-at="2026-04-07T15:49:13 IST" name="runScenario" description="Runs Cucumber Scenarios" data-provider="scenarios" finished-at="2026-04-07T15:49:26 IST" duration-ms="12499" status="PASS">
          <params>
            <param index="0">
              <value>
                <![CDATA["Login with user Rohit"]]>
              </value>
            </param>
            <param index="1">
              <value>
                <![CDATA["DemoQA Login"]]>
              </value>
            </param>
          </params>
          <reporter-output>
          </reporter-output>
        </test-method> <!-- runScenario -->
        <test-method signature="runScenario(io.cucumber.testng.PickleWrapper,io.cucumber.testng.FeatureWrapper)[pri:0, instance:runners.TestRunner@45018215]" started-at="2026-04-07T15:49:26 IST" name="runScenario" description="Runs Cucumber Scenarios" data-provider="scenarios" finished-at="2026-04-07T15:49:51 IST" duration-ms="25384" status="PASS">
          <params>
            <param index="0">
              <value>
                <![CDATA["Login with user Jasprit"]]>
              </value>
            </param>
            <param index="1">
              <value>
                <![CDATA["DemoQA Login"]]>
              </value>
            </param>
          </params>
          <reporter-output>
          </reporter-output>
        </test-method> <!-- runScenario -->
        <test-method signature="runScenario(io.cucumber.testng.PickleWrapper,io.cucumber.testng.FeatureWrapper)[pri:0, instance:runners.TestRunner@45018215]" started-at="2026-04-07T15:49:51 IST" name="runScenario" description="Runs Cucumber Scenarios" data-provider="scenarios" finished-at="2026-04-07T15:50:45 IST" duration-ms="53903" status="PASS">
          <params>
            <param index="0">
              <value>
                <![CDATA["Login with user Rohit"]]>
              </value>
            </param>
            <param index="1">
              <value>
                <![CDATA["DemoQA Login"]]>
              </value>
            </param>
          </params>
          <reporter-output>
          </reporter-output>
        </test-method> <!-- runScenario -->
        <test-method is-config="true" signature="tearDownClass()[pri:0, instance:runners.TestRunner@45018215]" started-at="2026-04-07T15:50:45 IST" name="tearDownClass" finished-at="2026-04-07T15:50:45 IST" duration-ms="101" status="PASS">
          <reporter-output>
          </reporter-output>
        </test-method> <!-- tearDownClass -->
      </class> <!-- runners.TestRunner -->
    </test> <!-- Surefire test -->
  </suite> <!-- Surefire suite -->
</testng-results>
