<?xml version="1.0" encoding="UTF-8"?>
<!-- Generated by org.testng.reporters.JUnitReportReporter -->
<testsuite hostname="LAPTOP-7EF9D6A5" failures="0" tests="9" name="runners.TestRunner" time="234.342" errors="0" timestamp="2026-04-07T15:50:45 IST" skipped="0">
  <testcase classname="runners.TestRunner" name="runScenario" time="13.483"/>
  <testcase classname="runners.TestRunner" name="runScenario" time="22.264"/>
  <testcase classname="runners.TestRunner" name="runScenario" time="59.544"/>
  <testcase classname="runners.TestRunner" name="runScenario" time="25.384"/>
  <testcase classname="runners.TestRunner" name="runScenario" time="53.903"/>
  <testcase classname="runners.TestRunner" name="runScenario" time="11.792"/>
  <testcase classname="runners.TestRunner" name="runScenario" time="12.499"/>
  <testcase classname="runners.TestRunner" name="runScenario" time="11.881"/>
  <testcase classname="runners.TestRunner" name="runScenario" time="23.592"/>
</testsuite> <!-- runners.TestRunner -->
